This is pdfTeX, Version 3.141592653-2.6-1.40.27 (TeX Live 2025) (preloaded format=pdflatex 2025.3.8)  8 FEB 2026 11:46
entering extended mode
 restricted \write18 enabled.
 %&-line parsing enabled.
**main.tex
(./main.tex
LaTeX2e <2024-11-01> patch level 2
L3 programming layer <2025-01-18>
(/usr/local/texlive/2025basic/texmf-dist/tex/latex/base/article.cls
Document Class: article 2024/06/29 v1.4n Standard LaTeX document class
(/usr/local/texlive/2025basic/texmf-dist/tex/latex/base/size11.clo
File: size11.clo 2024/06/29 v1.4n Standard LaTeX file (size option)
)
\c@part=\count196
\c@section=\count197
\c@subsection=\count198
\c@subsubsection=\count199
\c@paragraph=\count266
\c@subparagraph=\count267
\c@figure=\count268
\c@table=\count269
\abovecaptionskip=\skip49
\belowcaptionskip=\skip50
\bibindent=\dimen141
)
(/usr/local/texlive/2025basic/texmf-dist/tex/latex/base/inputenc.sty
Package: inputenc 2024/02/08 v1.3d Input encoding file
\inpenc@prehook=\toks17
\inpenc@posthook=\toks18
)
(/usr/local/texlive/2025basic/texmf-dist/tex/latex/base/fontenc.sty
Package: fontenc 2021/04/29 v2.0v Standard LaTeX package
)
(/usr/local/texlive/2025basic/texmf-dist/tex/latex/amsmath/amsmath.sty
Package: amsmath 2024/11/05 v2.17t AMS math features
\@mathmargin=\skip51

For additional information on amsmath, use the `?' option.
(/usr/local/texlive/2025basic/texmf-dist/tex/latex/amsmath/amstext.sty
Package: amstext 2021/08/26 v2.01 AMS text

(/usr/local/texlive/2025basic/texmf-dist/tex/latex/amsmath/amsgen.sty
File: amsgen.sty 1999/11/30 v2.0 generic functions
\@emptytoks=\toks19
\ex@=\dimen142
))
(/usr/local/texlive/2025basic/texmf-dist/tex/latex/amsmath/amsbsy.sty
Package: amsbsy 1999/11/29 v1.2d Bold Symbols
\pmbraise@=\dimen143
)
(/usr/local/texlive/2025basic/texmf-dist/tex/latex/amsmath/amsopn.sty
Package: amsopn 2022/04/08 v2.04 operator names
)
\inf@bad=\count270
LaTeX Info: Redefining \frac on input line 233.
\uproot@=\count271
\leftroot@=\count272
LaTeX Info: Redefining \overline on input line 398.
LaTeX Info: Redefining \colon on input line 409.
\classnum@=\count273
\DOTSCASE@=\count274
LaTeX Info: Redefining \ldots on input line 495.
LaTeX Info: Redefining \dots on input line 498.
LaTeX Info: Redefining \cdots on input line 619.
\Mathstrutbox@=\box52
\strutbox@=\box53
LaTeX Info: Redefining \big on input line 721.
LaTeX Info: Redefining \Big on input line 722.
LaTeX Info: Redefining \bigg on input line 723.
LaTeX Info: Redefining \Bigg on input line 724.
\big@size=\dimen144
LaTeX Font Info:    Redeclaring font encoding OML on input line 742.
LaTeX Font Info:    Redeclaring font encoding OMS on input line 743.
\macc@depth=\count275
LaTeX Info: Redefining \bmod on input line 904.
LaTeX Info: Redefining \pmod on input line 909.
LaTeX Info: Redefining \smash on input line 939.
LaTeX Info: Redefining \relbar on input line 969.
LaTeX Info: Redefining \Relbar on input line 970.
\c@MaxMatrixCols=\count276
\dotsspace@=\muskip17
\c@parentequation=\count277
\dspbrk@lvl=\count278
\tag@help=\toks20
\row@=\count279
\column@=\count280
\maxfields@=\count281
\andhelp@=\toks21
\eqnshift@=\dimen145
\alignsep@=\dimen146
\tagshift@=\dimen147
\tagwidth@=\dimen148
\totwidth@=\dimen149
\lineht@=\dimen150
\@envbody=\toks22
\multlinegap=\skip52
\multlinetaggap=\skip53
\mathdisplay@stack=\toks23
LaTeX Info: Redefining \[ on input line 2953.
LaTeX Info: Redefining \] on input line 2954.
)
(/usr/local/texlive/2025basic/texmf-dist/tex/latex/amsfonts/amssymb.sty
Package: amssymb 2013/01/14 v3.01 AMS font symbols

(/usr/local/texlive/2025basic/texmf-dist/tex/latex/amsfonts/amsfonts.sty
Package: amsfonts 2013/01/14 v3.01 Basic AMSFonts support
\symAMSa=\mathgroup4
\symAMSb=\mathgroup5
LaTeX Font Info:    Redeclaring math symbol \hbar on input line 98.
LaTeX Font Info:    Overwriting math alphabet `\mathfrak' in version `bold'
(Font)                  U/euf/m/n --> U/euf/b/n on input line 106.
))
(/usr/local/texlive/2025basic/texmf-dist/tex/latex/graphics/graphicx.sty
Package: graphicx 2021/09/16 v1.2d Enhanced LaTeX Graphics (DPC,SPQR)

(/usr/local/texlive/2025basic/texmf-dist/tex/latex/graphics/keyval.sty
Package: keyval 2022/05/29 v1.15 key=value parser (DPC)
\KV@toks@=\toks24
)
(/usr/local/texlive/2025basic/texmf-dist/tex/latex/graphics/graphics.sty
Package: graphics 2024/08/06 v1.4g Standard LaTeX Graphics (DPC,SPQR)

(/usr/local/texlive/2025basic/texmf-dist/tex/latex/graphics/trig.sty
Package: trig 2023/12/02 v1.11 sin cos tan (DPC)
)
(/usr/local/texlive/2025basic/texmf-dist/tex/latex/graphics-cfg/graphics.cfg
File: graphics.cfg 2016/06/04 v1.11 sample graphics configuration
)
Package graphics Info: Driver file: pdftex.def on input line 106.

(/usr/local/texlive/2025basic/texmf-dist/tex/latex/graphics-def/pdftex.def
File: pdftex.def 2024/04/13 v1.2c Graphics/color driver for pdftex
))
\Gin@req@height=\dimen151
\Gin@req@width=\dimen152
)
(/usr/local/texlive/2025basic/texmf-dist/tex/latex/booktabs/booktabs.sty
Package: booktabs 2020/01/12 v1.61803398 Publication quality tables
\heavyrulewidth=\dimen153
\lightrulewidth=\dimen154
\cmidrulewidth=\dimen155
\belowrulesep=\dimen156
\belowbottomsep=\dimen157
\aboverulesep=\dimen158
\abovetopsep=\dimen159
\cmidrulesep=\dimen160
\cmidrulekern=\dimen161
\defaultaddspace=\dimen162
\@cmidla=\count282
\@cmidlb=\count283
\@aboverulesep=\dimen163
\@belowrulesep=\dimen164
\@thisruleclass=\count284
\@lastruleclass=\count285
\@thisrulewidth=\dimen165
)
(/usr/local/texlive/2025basic/texmf-dist/tex/latex/hyperref/hyperref.sty
Package: hyperref 2024-11-05 v7.01l Hypertext links for LaTeX

(/usr/local/texlive/2025basic/texmf-dist/tex/generic/iftex/iftex.sty
Package: iftex 2024/12/12 v1.0g TeX engine tests
)
(/usr/local/texlive/2025basic/texmf-dist/tex/latex/kvsetkeys/kvsetkeys.sty
Package: kvsetkeys 2022-10-05 v1.19 Key value parser (HO)
)
(/usr/local/texlive/2025basic/texmf-dist/tex/generic/kvdefinekeys/kvdefinekeys.
sty
Package: kvdefinekeys 2019-12-19 v1.6 Define keys (HO)
)
(/usr/local/texlive/2025basic/texmf-dist/tex/generic/pdfescape/pdfescape.sty
Package: pdfescape 2019/12/09 v1.15 Implements pdfTeX's escape features (HO)

(/usr/local/texlive/2025basic/texmf-dist/tex/generic/ltxcmds/ltxcmds.sty
Package: ltxcmds 2023-12-04 v1.26 LaTeX kernel commands for general use (HO)
)
(/usr/local/texlive/2025basic/texmf-dist/tex/generic/pdftexcmds/pdftexcmds.sty
Package: pdftexcmds 2020-06-27 v0.33 Utility functions of pdfTeX for LuaTeX (HO
)

(/usr/local/texlive/2025basic/texmf-dist/tex/generic/infwarerr/infwarerr.sty
Package: infwarerr 2019/12/03 v1.5 Providing info/warning/error messages (HO)
)
Package pdftexcmds Info: \pdf@primitive is available.
Package pdftexcmds Info: \pdf@ifprimitive is available.
Package pdftexcmds Info: \pdfdraftmode found.
)) (/usr/local/texlive/2025basic/texmf-dist/tex/latex/hycolor/hycolor.sty
Package: hycolor 2020-01-27 v1.10 Color options for hyperref/bookmark (HO)
)
(/usr/local/texlive/2025basic/texmf-dist/tex/latex/hyperref/nameref.sty
Package: nameref 2023-11-26 v2.56 Cross-referencing by name of section

(/usr/local/texlive/2025basic/texmf-dist/tex/latex/refcount/refcount.sty
Package: refcount 2019/12/15 v3.6 Data extraction from label references (HO)
)
(/usr/local/texlive/2025basic/texmf-dist/tex/generic/gettitlestring/gettitlestr
ing.sty
Package: gettitlestring 2019/12/15 v1.6 Cleanup title references (HO)

(/usr/local/texlive/2025basic/texmf-dist/tex/latex/kvoptions/kvoptions.sty
Package: kvoptions 2022-06-15 v3.15 Key value format for package options (HO)
))
\c@section@level=\count286
)
(/usr/local/texlive/2025basic/texmf-dist/tex/latex/etoolbox/etoolbox.sty
Package: etoolbox 2025/02/11 v2.5l e-TeX tools for LaTeX (JAW)
\etb@tempcnta=\count287
)
(/usr/local/texlive/2025basic/texmf-dist/tex/generic/stringenc/stringenc.sty
Package: stringenc 2019/11/29 v1.12 Convert strings between diff. encodings (HO
)
)
\@linkdim=\dimen166
\Hy@linkcounter=\count288
\Hy@pagecounter=\count289

(/usr/local/texlive/2025basic/texmf-dist/tex/latex/hyperref/pd1enc.def
File: pd1enc.def 2024-11-05 v7.01l Hyperref: PDFDocEncoding definition (HO)
Now handling font encoding PD1 ...
... no UTF-8 mapping file for font encoding PD1
)
(/usr/local/texlive/2025basic/texmf-dist/tex/generic/intcalc/intcalc.sty
Package: intcalc 2019/12/15 v1.3 Expandable calculations with integers (HO)
)
\Hy@SavedSpaceFactor=\count290

(/usr/local/texlive/2025basic/texmf-dist/tex/latex/hyperref/puenc.def
File: puenc.def 2024-11-05 v7.01l Hyperref: PDF Unicode definition (HO)
Now handling font encoding PU ...
... no UTF-8 mapping file for font encoding PU
)
Package hyperref Info: Hyper figures OFF on input line 4157.
Package hyperref Info: Link nesting OFF on input line 4162.
Package hyperref Info: Hyper index ON on input line 4165.
Package hyperref Info: Plain pages OFF on input line 4172.
Package hyperref Info: Backreferencing OFF on input line 4177.
Package hyperref Info: Implicit mode ON; LaTeX internals redefined.
Package hyperref Info: Bookmarks ON on input line 4424.
\c@Hy@tempcnt=\count291

(/usr/local/texlive/2025basic/texmf-dist/tex/latex/url/url.sty
\Urlmuskip=\muskip18
Package: url 2013/09/16  ver 3.4  Verb mode for urls, etc.
)
LaTeX Info: Redefining \url on input line 4763.
\XeTeXLinkMargin=\dimen167

(/usr/local/texlive/2025basic/texmf-dist/tex/generic/bitset/bitset.sty
Package: bitset 2019/12/09 v1.3 Handle bit-vector datatype (HO)

(/usr/local/texlive/2025basic/texmf-dist/tex/generic/bigintcalc/bigintcalc.sty
Package: bigintcalc 2019/12/15 v1.5 Expandable calculations on big integers (HO
)
))
\Fld@menulength=\count292
\Field@Width=\dimen168
\Fld@charsize=\dimen169
Package hyperref Info: Hyper figures OFF on input line 6042.
Package hyperref Info: Link nesting OFF on input line 6047.
Package hyperref Info: Hyper index ON on input line 6050.
Package hyperref Info: backreferencing OFF on input line 6057.
Package hyperref Info: Link coloring OFF on input line 6062.
Package hyperref Info: Link coloring with OCG OFF on input line 6067.
Package hyperref Info: PDF/A mode OFF on input line 6072.
 (/usr/local/texlive/2025basic/texmf-dist/tex/latex/base/atbegshi-ltx.sty
Package: atbegshi-ltx 2021/01/10 v1.0c Emulation of the original atbegshi
package with kernel methods
)
\Hy@abspage=\count293
\c@Item=\count294
\c@Hfootnote=\count295
)
Package hyperref Info: Driver (autodetected): hpdftex.

(/usr/local/texlive/2025basic/texmf-dist/tex/latex/hyperref/hpdftex.def
File: hpdftex.def 2024-11-05 v7.01l Hyperref driver for pdfTeX

(/usr/local/texlive/2025basic/texmf-dist/tex/latex/base/atveryend-ltx.sty
Package: atveryend-ltx 2020/08/19 v1.0a Emulation of the original atveryend pac
kage
with kernel methods
)
\Fld@listcount=\count296
\c@bookmark@seq@number=\count297

(/usr/local/texlive/2025basic/texmf-dist/tex/latex/rerunfilecheck/rerunfilechec
k.sty
Package: rerunfilecheck 2022-07-10 v1.10 Rerun checks for auxiliary files (HO)

(/usr/local/texlive/2025basic/texmf-dist/tex/generic/uniquecounter/uniquecounte
r.sty
Package: uniquecounter 2019/12/15 v1.4 Provide unlimited unique counter (HO)
)
Package uniquecounter Info: New unique counter `rerunfilecheck' on input line 2
85.
)
\Hy@SectionHShift=\skip54
)
(/usr/local/texlive/2025basic/texmf-dist/tex/latex/geometry/geometry.sty
Package: geometry 2020/01/02 v5.9 Page Geometry

(/usr/local/texlive/2025basic/texmf-dist/tex/generic/iftex/ifvtex.sty
Package: ifvtex 2019/10/25 v1.7 ifvtex legacy package. Use iftex instead.
)
\Gm@cnth=\count298
\Gm@cntv=\count299
\c@Gm@tempcnt=\count300
\Gm@bindingoffset=\dimen170
\Gm@wd@mp=\dimen171
\Gm@odd@mp=\dimen172
\Gm@even@mp=\dimen173
\Gm@layoutwidth=\dimen174
\Gm@layoutheight=\dimen175
\Gm@layouthoffset=\dimen176
\Gm@layoutvoffset=\dimen177
\Gm@dimlist=\toks25
)
(/usr/local/texlive/2025basic/texmf-dist/tex/latex/float/float.sty
Package: float 2001/11/08 v1.3d Float enhancements (AL)
\c@float@type=\count301
\float@exts=\toks26
\float@box=\box54
\@float@everytoks=\toks27
\@floatcapt=\box55
)
(/usr/local/texlive/2025basic/texmf-dist/tex/latex/caption/caption.sty
Package: caption 2023/08/05 v3.6o Customizing captions (AR)

(/usr/local/texlive/2025basic/texmf-dist/tex/latex/caption/caption3.sty
Package: caption3 2023/07/31 v2.4d caption3 kernel (AR)
\caption@tempdima=\dimen178
\captionmargin=\dimen179
\caption@leftmargin=\dimen180
\caption@rightmargin=\dimen181
\caption@width=\dimen182
\caption@indent=\dimen183
\caption@parindent=\dimen184
\caption@hangindent=\dimen185
Package caption Info: Standard document class detected.
)
\c@caption@flags=\count302
\c@continuedfloat=\count303
Package caption Info: float package is loaded.
Package caption Info: hyperref package is loaded.
)
(/usr/local/texlive/2025basic/texmf-dist/tex/latex/caption/subcaption.sty
Package: subcaption 2023/07/28 v1.6b Sub-captions (AR)
Package caption Info: New subtype `subfigure' on input line 238.
\c@subfigure=\count304
Package caption Info: New subtype `subtable' on input line 238.
\c@subtable=\count305
)
(/usr/local/texlive/2025basic/texmf-dist/tex/latex/xcolor/xcolor.sty
Package: xcolor 2024/09/29 v3.02 LaTeX color extensions (UK)

(/usr/local/texlive/2025basic/texmf-dist/tex/latex/graphics-cfg/color.cfg
File: color.cfg 2016/01/02 v1.6 sample color configuration
)
Package xcolor Info: Driver file: pdftex.def on input line 274.

(/usr/local/texlive/2025basic/texmf-dist/tex/latex/graphics/mathcolor.ltx)
Package xcolor Info: Model `cmy' substituted by `cmy0' on input line 1349.
Package xcolor Info: Model `hsb' substituted by `rgb' on input line 1353.
Package xcolor Info: Model `RGB' extended on input line 1365.
Package xcolor Info: Model `HTML' substituted by `rgb' on input line 1367.
Package xcolor Info: Model `Hsb' substituted by `hsb' on input line 1368.
Package xcolor Info: Model `tHsb' substituted by `hsb' on input line 1369.
Package xcolor Info: Model `HSB' substituted by `hsb' on input line 1370.
Package xcolor Info: Model `Gray' substituted by `gray' on input line 1371.
Package xcolor Info: Model `wave' substituted by `hsb' on input line 1372.
)
(/usr/local/texlive/2025basic/texmf-dist/tex/latex/algorithms/algorithm.sty
Package: algorithm 2009/08/24 v0.1 Document Style `algorithm' - floating enviro
nment

(/usr/local/texlive/2025basic/texmf-dist/tex/latex/base/ifthen.sty
Package: ifthen 2024/03/16 v1.1e Standard LaTeX ifthen package (DPC)
)
\@float@every@algorithm=\toks28
\c@algorithm=\count306
)
(/usr/local/texlive/2025basic/texmf-dist/tex/latex/algorithmicx/algpseudocode.s
ty
Package: algpseudocode 

(/usr/local/texlive/2025basic/texmf-dist/tex/latex/algorithmicx/algorithmicx.st
y
Package: algorithmicx 2005/04/27 v1.2 Algorithmicx

Document Style algorithmicx 1.2 - a greatly improved `algorithmic' style
\c@ALG@line=\count307
\c@ALG@rem=\count308
\c@ALG@nested=\count309
\ALG@tlm=\skip55
\ALG@thistlm=\skip56
\c@ALG@Lnr=\count310
\c@ALG@blocknr=\count311
\c@ALG@storecount=\count312
\c@ALG@tmpcounter=\count313
\ALG@tmplength=\skip57
)
Document Style - pseudocode environments for use with the `algorithmicx' style
) (/usr/local/texlive/2025basic/texmf-dist/tex/latex/natbib/natbib.sty
Package: natbib 2010/09/13 8.31b (PWD, AO)
\bibhang=\skip58
\bibsep=\skip59
LaTeX Info: Redefining \cite on input line 694.
\c@NAT@ctr=\count314
)
(/usr/local/texlive/2025basic/texmf-dist/tex/latex/l3backend/l3backend-pdftex.d
ef
File: l3backend-pdftex.def 2024-05-08 L3 backend support: PDF output (pdfTeX)
\l__color_backend_stack_int=\count315
\l__pdf_internal_box=\box56
) (./main.aux)
\openout1 = `main.aux'.

LaTeX Font Info:    Checking defaults for OML/cmm/m/it on input line 30.
LaTeX Font Info:    ... okay on input line 30.
LaTeX Font Info:    Checking defaults for OMS/cmsy/m/n on input line 30.
LaTeX Font Info:    ... okay on input line 30.
LaTeX Font Info:    Checking defaults for OT1/cmr/m/n on input line 30.
LaTeX Font Info:    ... okay on input line 30.
LaTeX Font Info:    Checking defaults for T1/cmr/m/n on input line 30.
LaTeX Font Info:    ... okay on input line 30.
LaTeX Font Info:    Checking defaults for TS1/cmr/m/n on input line 30.
LaTeX Font Info:    ... okay on input line 30.
LaTeX Font Info:    Checking defaults for OMX/cmex/m/n on input line 30.
LaTeX Font Info:    ... okay on input line 30.
LaTeX Font Info:    Checking defaults for U/cmr/m/n on input line 30.
LaTeX Font Info:    ... okay on input line 30.
LaTeX Font Info:    Checking defaults for PD1/pdf/m/n on input line 30.
LaTeX Font Info:    ... okay on input line 30.
LaTeX Font Info:    Checking defaults for PU/pdf/m/n on input line 30.
LaTeX Font Info:    ... okay on input line 30.

(/usr/local/texlive/2025basic/texmf-dist/tex/context/base/mkii/supp-pdf.mkii
[Loading MPS to PDF converter (version 2006.09.02).]
\scratchcounter=\count316
\scratchdimen=\dimen186
\scratchbox=\box57
\nofMPsegments=\count317
\nofMParguments=\count318
\everyMPshowfont=\toks29
\MPscratchCnt=\count319
\MPscratchDim=\dimen187
\MPnumerator=\count320
\makeMPintoPDFobject=\count321
\everyMPtoPDFconversion=\toks30
)
(/usr/local/texlive/2025basic/texmf-dist/tex/latex/epstopdf-pkg/epstopdf-base.s
ty
Package: epstopdf-base 2020-01-24 v2.11 Base part for package epstopdf
Package epstopdf-base Info: Redefining graphics rule for `.eps' on input line 4
85.

(/usr/local/texlive/2025basic/texmf-dist/tex/latex/latexconfig/epstopdf-sys.cfg
File: epstopdf-sys.cfg 2010/07/13 v1.3 Configuration of (r)epstopdf for TeX Liv
e
))
Package hyperref Info: Link coloring OFF on input line 30.
 (./main.out) (./main.out)
\@outlinefile=\write3
\openout3 = `main.out'.


*geometry* driver: auto-detecting
*geometry* detected driver: pdftex
*geometry* verbose mode - [ preamble ] result:
* driver: pdftex
* paper: <default>
* layout: <same size as paper>
* layoutoffset:(h,v)=(0.0pt,0.0pt)
* modes: 
* h-part:(L,W,R)=(72.26999pt, 469.75502pt, 72.26999pt)
* v-part:(T,H,B)=(72.26999pt, 650.43001pt, 72.26999pt)
* \paperwidth=614.295pt
* \paperheight=794.96999pt
* \textwidth=469.75502pt
* \textheight=650.43001pt
* \oddsidemargin=0.0pt
* \evensidemargin=0.0pt
* \topmargin=-37.0pt
* \headheight=12.0pt
* \headsep=25.0pt
* \topskip=11.0pt
* \footskip=30.0pt
* \marginparwidth=4.0pt
* \marginparsep=10.0pt
* \columnsep=10.0pt
* \skip\footins=10.0pt plus 4.0pt minus 2.0pt
* \hoffset=0.0pt
* \voffset=0.0pt
* \mag=1000
* \@twocolumntrue
* \@twosidefalse
* \@mparswitchfalse
* \@reversemarginfalse
* (1in=72.27pt=25.4mm, 1cm=28.453pt)

Package caption Info: Begin \AtBeginDocument code.
Package caption Info: End \AtBeginDocument code.
LaTeX Font Info:    Trying to load font information for U+msa on input line 33.

(/usr/local/texlive/2025basic/texmf-dist/tex/latex/amsfonts/umsa.fd
File: umsa.fd 2013/01/14 v3.01 AMS symbols A
)
LaTeX Font Info:    Trying to load font information for U+msb on input line 33.


(/usr/local/texlive/2025basic/texmf-dist/tex/latex/amsfonts/umsb.fd
File: umsb.fd 2013/01/14 v3.01 AMS symbols B
)
Underfull \hbox (badness 1024) in paragraph at lines 36--38
\T1/cmr/m/n/10.95 co-vari-ates from the Open-Meteo API. Us-ing
 []


Package natbib Warning: Citation `ercot2024' on page 1 undefined on input line 
44.


Underfull \hbox (badness 4024) in paragraph at lines 44--45
\T1/cmr/m/n/10.95 ex-hibit com-plex price dy-nam-ics driven by
 []




Underfull \hbox (badness 10000) in paragraph at lines 51--52
[]\T1/cmr/bx/n/10.95 Storage op-er-a-tors\T1/cmr/m/n/10.95 : Op-ti-mize
 []


Package natbib Warning: Citation `weron2014electricity' on page 1 undefined on 
input line 54.


Package natbib Warning: Citation `lago2021forecasting' on page 1 undefined on i
nput line 54.


Underfull \hbox (badness 4569) in paragraph at lines 54--55
\T1/cmr/m/n/10.95 gra-di-ent boost-ing and deep learn-ing^^Vhave
 []


Underfull \hbox (badness 10000) in paragraph at lines 58--59
[]\T1/cmr/m/n/10.95 Developing an end-to-end fore-cast-ing
 []



[1{/usr/local/texlive/2025basic/texmf-var/fonts/map/pdftex/updmap/pdftex.map}


]
Underfull \hbox (badness 1137) in paragraph at lines 68--69
\T1/cmr/m/n/10.95 We fo-cus on the HB_NORTH pric-ing hub,
 []


Underfull \hbox (badness 1303) in paragraph at lines 68--69
\T1/cmr/m/n/10.95 which rep-re-sents the weighted av-er-age price
 []

<figures/texas_ercot_map.png, id=141, 642.4pt x 642.4pt>
File: figures/texas_ercot_map.png Graphic file (type png)
<use figures/texas_ercot_map.png>
Package pdftex.def Info: figures/texas_ercot_map.png  used on input line 72.
(pdftex.def)             Requested size: 229.8775pt x 229.8719pt.



Package natbib Warning: Citation `openmeteo2024' on page 2 undefined on input l
ine 104.



[2 <./figures/texas_ercot_map.png>]

Package natbib Warning: Citation `ke2017lightgbm' on page 3 undefined on input 
line 160.


Package natbib Warning: Citation `optuna2019' on page 3 undefined on input line
 166.




Underfull \hbox (badness 10000) in paragraph at lines 181--181
[]\T1/cmr/bx/n/12 ArcSinh Trans-for-ma-tion and
 []


Underfull \hbox (badness 2809) in paragraph at lines 185--186
\T1/cmr/m/n/10.95 ing the hy-per-bolic sine func-tion: $[] \OT1/cmr/m/n/10.95 =

 []



[3]
Package hyperref Info: bookmark level for unknown algorithm defaults to 0 on in
put line 200.

Underfull \hbox (badness 1708) in paragraph at lines 202--203
[]\T1/cmr/m/n/10.95 Trained model $\OML/cmm/m/it/10.95 f$ \T1/cmr/m/n/10.95 (on
 trans-formed
 []


Underfull \hbox (badness 2035) in paragraph at lines 202--203
\T1/cmr/m/n/10.95 data), his-tory $\OMS/cmsy/m/n/10.95 f\OML/cmm/m/it/10.95 y[]
\OMS/cmsy/m/n/10.95 g[]$\T1/cmr/m/n/10.95 , weather fore-cast
 []


Underfull \hbox (badness 1668) in paragraph at lines 206--207
[] \T1/cmr/m/n/10.95 Pre-dict trans-formed value: $[] \OMS/cmsy/m/n/10.95  
 []


Underfull \hbox (badness 1314) in paragraph at lines 216--217
\T1/cmr/m/n/10.95 with 180 win-dows cov-er-ing ap-prox-i-mately 6
 []


Package natbib Warning: Citation `hyndman2006another' on page 4 undefined on in
put line 229.


Underfull \vbox (badness 1019) has occurred while \output is active []




Overfull \hbox (8.27267pt too wide) detected at line 232
[][][][] \OT1/cmr/m/n/10.95 = [] = []
 []


LaTeX Warning: Reference `tab:benchmark' on page 4 undefined on input line 233.



LaTeX Warning: Reference `fig:benchmark' on page 4 undefined on input line 233.


<figures/benchmark_comparison.png, id=175, 715.2321pt x 353.4003pt>
File: figures/benchmark_comparison.png Graphic file (type png)
<use figures/benchmark_comparison.png>
Package pdftex.def Info: figures/benchmark_comparison.png  used on input line 2
53.
(pdftex.def)             Requested size: 229.8775pt x 113.5811pt.

Underfull \hbox (badness 1314) in paragraph at lines 258--259
\T1/cmr/m/n/10.95 fea-tures with rolling statis-tics, ex-po-nen-tially
 []


Underfull \hbox (badness 1048) in paragraph at lines 258--259
\T1/cmr/m/n/10.95 weighted mov-ing av-er-ages, and temperature-
 []



[4 <./figures/benchmark_comparison.png>]

LaTeX Warning: Reference `fig:monthly_mae' on page 5 undefined on input line 28
1.

<figures/monthly_mae.png, id=189, 714.9912pt x 353.6412pt>
File: figures/monthly_mae.png Graphic file (type png)
<use figures/monthly_mae.png>
Package pdftex.def Info: figures/monthly_mae.png  used on input line 285.
(pdftex.def)             Requested size: 229.8775pt x 113.6963pt.
<figures/example_day_forecast.png, id=191, 715.473pt x 281.853pt>
File: figures/example_day_forecast.png Graphic file (type png)
<use figures/example_day_forecast.png>
Package pdftex.def Info: figures/example_day_forecast.png  used on input line 2
96.
(pdftex.def)             Requested size: 229.8775pt x 90.55606pt.


<figures/feature_importance.png, id=193, 715.473pt x 570.4512pt>
File: figures/feature_importance.png Graphic file (type png)
<use figures/feature_importance.png>
Package pdftex.def Info: figures/feature_importance.png  used on input line 314
.
(pdftex.def)             Requested size: 229.8775pt x 183.27927pt.


[5 <./figures/monthly_mae.png> <./figures/example_day_forecast.png> <./figures/
feature_importance.png>]
Underfull \hbox (badness 2261) in paragraph at lines 323--324
[]\T1/cmr/bx/n/10.95 Morning ramp (6-8 AM)\T1/cmr/m/n/10.95 : MAE $\OMS/cmsy/m/
n/10.95 ^^Y$
 []


Package natbib Warning: Citation `nowotarski2018recent' on page 6 undefined on 
input line 331.


Underfull \hbox (badness 5741) in paragraph at lines 337--338
[]\T1/cmr/m/n/10.95 We train three quan-tile mod-els ($\OML/cmm/m/it/10.95 ^^\ 
\OMS/cmsy/m/n/10.95 2
 []


Underfull \hbox (badness 1348) in paragraph at lines 354--355
\T1/cmr/m/n/10.95 mized hy-per-pa-ram-e-ters im-prov-ing cal-i-bra-tion
 []

<figures/quantile_forecast.png, id=212, 715.2321pt x 353.8821pt>
File: figures/quantile_forecast.png Graphic file (type png)
<use figures/quantile_forecast.png>
Package pdftex.def Info: figures/quantile_forecast.png  used on input line 358.

(pdftex.def)             Requested size: 229.8775pt x 113.73595pt.



Underfull \hbox (badness 10000) in paragraph at lines 363--363
[]\T1/cmr/bx/n/12 Performance Dur-ing Ex-treme
 []


Underfull \hbox (badness 1163) in paragraph at lines 372--373
\T1/cmr/m/n/10.95 trans-for-ma-tion helps, the model still under-
 []

<figures/extreme_events.png, id=214, 722.7pt x 867.24pt>
File: figures/extreme_events.png Graphic file (type png)
<use figures/extreme_events.png>
Package pdftex.def Info: figures/extreme_events.png  used on input line 376.
(pdftex.def)             Requested size: 229.8775pt x 275.85512pt.

Underfull \vbox (badness 1590) has occurred while \output is active []



[6 <./figures/quantile_forecast.png>]

LaTeX Warning: Reference `fig:uri_diagnostic' on page 7 undefined on input line
 383.


Package natbib Warning: Citation `ercot2024' on page 7 undefined on input line 
387.


Underfull \hbox (badness 1859) in paragraph at lines 387--388
[]\T1/cmr/bx/n/10.95 Supply-Side Fac-tors. \T1/cmr/m/n/10.95 Ap-prox-i-mately
 []



<figures/uri_diagnostic.png, id=229, 857.3631pt x 714.9912pt>
File: figures/uri_diagnostic.png Graphic file (type png)
<use figures/uri_diagnostic.png>
Package pdftex.def Info: figures/uri_diagnostic.png  used on input line 392.
(pdftex.def)             Requested size: 229.8775pt x 191.69737pt.

LaTeX Warning: Reference `tab:benchmark' on page 7 undefined on input line 405.




[7 <./figures/extreme_events.png> <./figures/uri_diagnostic.png>]
File: figures/benchmark_comparison.png Graphic file (type png)
<use figures/benchmark_comparison.png>
Package pdftex.def Info: figures/benchmark_comparison.png  used on input line 4
27.
(pdftex.def)             Requested size: 229.8775pt x 113.5811pt.



Underfull \hbox (badness 3250) in paragraph at lines 464--465
[]\T1/cmr/m/n/10.95 Interestingly, while ex-plicit time fea-tures
 []


Underfull \hbox (badness 2564) in paragraph at lines 472--473
\T1/cmr/m/n/10.95 grades sig-nif-i-cantly dur-ing price spikes,
 []


Underfull \hbox (badness 10000) in paragraph at lines 481--482
[]\T1/cmr/m/n/10.95 Ensemble meth-ods com-bin-ing mul-ti-ple
 []



[8]
Underfull \hbox (badness 1087) in paragraph at lines 488--489
\T1/cmr/m/n/10.95 This pa-per demon-strates that ac-cu-rate day-
 []

(./main.bbl
Underfull \hbox (badness 1983) in paragraph at lines 15--20
[]\T1/cmr/m/n/10.95 Electric Re-li-a-bil-ity Coun-cil of Texas.  Er-
 []


Underfull \hbox (badness 3250) in paragraph at lines 15--20
\T1/cmr/m/n/10.95 cot quick facts.  2024.  URL []$\T1/cmtt/m/n/10.95 https :
 []


Underfull \hbox (badness 10000) in paragraph at lines 15--20
\T1/cmtt/m/n/10.95 / / www . ercot . com / files / docs / 2024 / 01 /
 []



)
Underfull \hbox (badness 10000) in paragraph at lines 507--508
[]\T1/cmr/m/n/10.95 Weather data: Open-Meteo His-tor-i-cal
 []



[9]
Underfull \hbox (badness 10000) in paragraph at lines 511--512
[]\T1/cmr/m/n/10.95 Code repos-i-tory: []$\T1/cmtt/m/n/10.95 https : / / github
 . com /
 []


Package natbib Warning: There were undefined citations.





[10

] (./main.aux

Package natbib Warning: Citation(s) may have changed.
(natbib)                Rerun to get citations correct.

)
 ***********
LaTeX2e <2024-11-01> patch level 2
L3 programming layer <2025-01-18>
 ***********


LaTeX Warning: There were undefined references.


LaTeX Warning: Label(s) may have changed. Rerun to get cross-references right.


Package rerunfilecheck Warning: File `main.out' has changed.
(rerunfilecheck)                Rerun to get outlines right
(rerunfilecheck)                or use package `bookmark'.

Package rerunfilecheck Info: Checksums for `main.out':
(rerunfilecheck)             Before: 1AEBB8F572CCDC93F0674C311D60C773;4631
(rerunfilecheck)             After:  B03388CDC188DD9918EEE6CE36C286C9;5262.
 ) 
Here is how much of TeX's memory you used:
 13645 strings out of 474662
 212983 string characters out of 5751110
 623574 words of memory out of 5000000
 36401 multiletter control sequences out of 15000+600000
 579824 words of font info for 91 fonts, out of 8000000 for 9000
 319 hyphenation exceptions out of 8191
 75i,10n,79p,1081b,528s stack positions out of 10000i,1000n,20000p,200000b,200000s

pdfTeX warning (dest): name{table.caption.11} has been referenced but does not 
exist, replaced by a fixed one


pdfTeX warning (dest): name{figure.caption.10} has been referenced but does not
 exist, replaced by a fixed one


pdfTeX warning (dest): name{table.caption.8} has been referenced but does not e
xist, replaced by a fixed one


pdfTeX warning (dest): name{figure.caption.6} has been referenced but does not 
exist, replaced by a fixed one

 </Users/graydonsnider/Library/texlive/2025basic/texmf-var/fonts/pk/ljfour/jkna
ppen/ec/ectt1095.600pk> </Users/graydonsnider/Library/texlive/2025basic/texmf-v
ar/fonts/pk/ljfour/jknappen/ec/ecti1095.600pk> </Users/graydonsnider/Library/te
xlive/2025basic/texmf-var/fonts/pk/ljfour/jknappen/ec/tcbx1095.600pk> </Users/g
raydonsnider/Library/texlive/2025basic/texmf-var/fonts/pk/ljfour/jknappen/ec/ec
bx1000.600pk> </Users/graydonsnider/Library/texlive/2025basic/texmf-var/fonts/p
k/ljfour/jknappen/ec/ecrm0900.600pk> </Users/graydonsnider/Library/texlive/2025
basic/texmf-var/fonts/pk/ljfour/jknappen/ec/ecrm0800.600pk> </Users/graydonsnid
er/Library/texlive/2025basic/texmf-var/fonts/pk/ljfour/jknappen/ec/ecbx1200.600
pk> </Users/graydonsnider/Library/texlive/2025basic/texmf-var/fonts/pk/ljfour/j
knappen/ec/tcrm1095.600pk> </Users/graydonsnider/Library/texlive/2025basic/texm
f-var/fonts/pk/ljfour/jknappen/ec/ecbx1095.600pk> </Users/graydonsnider/Library
/texlive/2025basic/texmf-var/fonts/pk/ljfour/jknappen/ec/ecrm1095.600pk> </User
s/graydonsnider/Library/texlive/2025basic/texmf-var/fonts/pk/ljfour/jknappen/ec
/ecbx1440.600pk> </Users/graydonsnider/Library/texlive/2025basic/texmf-var/font
s/pk/ljfour/jknappen/ec/ectt1000.600pk> </Users/graydonsnider/Library/texlive/2
025basic/texmf-var/fonts/pk/ljfour/jknappen/ec/ecrm1000.600pk> </Users/graydons
nider/Library/texlive/2025basic/texmf-var/fonts/pk/ljfour/jknappen/ec/ecrm1200.
600pk> </Users/graydonsnider/Library/texlive/2025basic/texmf-var/fonts/pk/ljfou
r/jknappen/ec/ecrm1728.600pk></usr/local/texlive/2025basic/texmf-dist/fonts/typ
e1/public/amsfonts/cm/cmbx10.pfb></usr/local/texlive/2025basic/texmf-dist/fonts
/type1/public/amsfonts/cm/cmex10.pfb></usr/local/texlive/2025basic/texmf-dist/f
onts/type1/public/amsfonts/cm/cmmi10.pfb></usr/local/texlive/2025basic/texmf-di
st/fonts/type1/public/amsfonts/cm/cmmi8.pfb></usr/local/texlive/2025basic/texmf
-dist/fonts/type1/public/amsfonts/cm/cmr10.pfb></usr/local/texlive/2025basic/te
xmf-dist/fonts/type1/public/amsfonts/cm/cmr8.pfb></usr/local/texlive/2025basic/
texmf-dist/fonts/type1/public/amsfonts/cm/cmsy10.pfb></usr/local/texlive/2025ba
sic/texmf-dist/fonts/type1/public/amsfonts/cm/cmsy8.pfb>
Output written on main.pdf (10 pages, 2252549 bytes).
PDF statistics:
 843 PDF objects out of 1000 (max. 8388607)
 343 compressed objects within 4 object streams
 104 named destinations out of 1000 (max. 500000)
 281 words of extra memory for PDF output out of 10000 (max. 10000000)

